c:\users\gserramia\desktop\uni\opengl_vs2015\2dgame\02-bubble\02-bubble\debug\vc141.pdb
c:\users\gserramia\desktop\uni\opengl_vs2015\2dgame\02-bubble\02-bubble\debug\vc141.idb
c:\users\gserramia\desktop\uni\opengl_vs2015\2dgame\02-bubble\02-bubble\debug\tilemap.obj
c:\users\gserramia\desktop\uni\opengl_vs2015\2dgame\02-bubble\02-bubble\debug\texture.obj
c:\users\gserramia\desktop\uni\opengl_vs2015\2dgame\02-bubble\02-bubble\debug\sprite.obj
c:\users\gserramia\desktop\uni\opengl_vs2015\2dgame\02-bubble\02-bubble\debug\texturedquad.obj
c:\users\gserramia\desktop\uni\opengl_vs2015\2dgame\02-bubble\02-bubble\debug\enemy1.obj
c:\users\gserramia\desktop\uni\opengl_vs2015\2dgame\02-bubble\02-bubble\debug\mainplayer.obj
c:\users\gserramia\desktop\uni\opengl_vs2015\2dgame\02-bubble\02-bubble\debug\gameobject.obj
c:\users\gserramia\desktop\uni\opengl_vs2015\2dgame\02-bubble\02-bubble\debug\menuprincipal.obj
c:\users\gserramia\desktop\uni\opengl_vs2015\2dgame\02-bubble\02-bubble\debug\enemy.obj
c:\users\gserramia\desktop\uni\opengl_vs2015\2dgame\02-bubble\02-bubble\debug\shaderprogram.obj
c:\users\gserramia\desktop\uni\opengl_vs2015\2dgame\02-bubble\02-bubble\debug\shader.obj
c:\users\gserramia\desktop\uni\opengl_vs2015\2dgame\02-bubble\02-bubble\debug\scene.obj
c:\users\gserramia\desktop\uni\opengl_vs2015\2dgame\02-bubble\02-bubble\debug\player.obj
c:\users\gserramia\desktop\uni\opengl_vs2015\2dgame\02-bubble\02-bubble\debug\main.obj
c:\users\gserramia\desktop\uni\opengl_vs2015\2dgame\02-bubble\02-bubble\debug\game.obj
c:\users\gserramia\desktop\uni\opengl_vs2015\2dgame\02-bubble\debug\02-bubble.exe
c:\users\gserramia\desktop\uni\opengl_vs2015\2dgame\02-bubble\debug\02-bubble.ilk
c:\users\gserramia\desktop\uni\opengl_vs2015\2dgame\02-bubble\debug\02-bubble.pdb
c:\users\gserramia\desktop\uni\opengl_vs2015\2dgame\02-bubble\02-bubble\debug\02-bubble.tlog\cl.command.1.tlog
c:\users\gserramia\desktop\uni\opengl_vs2015\2dgame\02-bubble\02-bubble\debug\02-bubble.tlog\cl.read.1.tlog
c:\users\gserramia\desktop\uni\opengl_vs2015\2dgame\02-bubble\02-bubble\debug\02-bubble.tlog\cl.write.1.tlog
c:\users\gserramia\desktop\uni\opengl_vs2015\2dgame\02-bubble\02-bubble\debug\02-bubble.tlog\link.command.1.tlog
c:\users\gserramia\desktop\uni\opengl_vs2015\2dgame\02-bubble\02-bubble\debug\02-bubble.tlog\link.read.1.tlog
c:\users\gserramia\desktop\uni\opengl_vs2015\2dgame\02-bubble\02-bubble\debug\02-bubble.tlog\link.write.1.tlog
