Build started 07/11/2022 20:37:40.
     1>Project "C:\Users\gserramia\Desktop\Uni\OpenGL_VS2015\2DGame\02-Bubble\02-Bubble\02-Bubble.vcxproj" on node 2 (Build target(s)).
     1>InitializeBuildStatus:
         Creating "Debug\02-Bubble.tlog\unsuccessfulbuild" because "AlwaysCreate" was specified.
       ClCompile:
         C:\Program Files (x86)\Microsoft Visual Studio\2017\Enterprise\VC\Tools\MSVC\14.16.27023\bin\HostX86\x86\CL.exe /c /I"..\..\..\libs\Simple OpenGL Image Library\src" /I..\..\..\libs\freeglut\include /I"..\..\..\libs\glew-1.13.0\include" /I..\..\..\libs\glm /ZI /JMC /nologo /W3 /WX- /diagnostics:classic /Od /Oy- /D WIN32 /D _DEBUG /D _CONSOLE /D _LIB /D _UNICODE /D UNICODE /Gm- /EHsc /RTC1 /MDd /GS /fp:precise /Zc:wchar_t /Zc:forScope /Zc:inline /Fo"Debug\\" /Fd"Debug\vc141.pdb" /Gd /TP /analyze- /FC /errorReport:prompt MenuPrincipal.cpp
         MenuPrincipal.cpp
       Link:
         C:\Program Files (x86)\Microsoft Visual Studio\2017\Enterprise\VC\Tools\MSVC\14.16.27023\bin\HostX86\x86\link.exe /ERRORREPORT:PROMPT /OUT:"C:\Users\gserramia\Desktop\Uni\OpenGL_VS2015\2DGame\02-Bubble\Debug\02-Bubble.exe" /INCREMENTAL /NOLOGO /LIBPATH:"..\..\..\libs\Simple OpenGL Image Library\projects\VC9\Debug" /LIBPATH:..\..\..\libs\freeglut\lib /LIBPATH:"..\..\..\libs\glew-1.13.0\lib\Release\Win32" SOIL.lib glew32.lib kernel32.lib user32.lib gdi32.lib winspool.lib comdlg32.lib advapi32.lib shell32.lib ole32.lib oleaut32.lib uuid.lib odbc32.lib odbccp32.lib /MANIFEST /MANIFESTUAC:"level='asInvoker' uiAccess='false'" /manifest:embed /DEBUG:FASTLINK /PDB:"C:\Users\gserramia\Desktop\Uni\OpenGL_VS2015\2DGame\02-Bubble\Debug\02-Bubble.pdb" /SUBSYSTEM:CONSOLE /TLBID:1 /DYNAMICBASE /NXCOMPAT /IMPLIB:"C:\Users\gserramia\Desktop\Uni\OpenGL_VS2015\2DGame\02-Bubble\Debug\02-Bubble.lib" /MACHINE:X86 Debug\Game.obj
         Debug\main.obj
         Debug\Scene.obj
         Debug\Shader.obj
         Debug\ShaderProgram.obj
         Debug\MenuPrincipal.obj
         Debug\GameObject.obj
         Debug\MainPlayer.obj
         Debug\Enemy1.obj
         Debug\MainShoot1.obj
         Debug\Enemy2.obj
         Debug\Enemy3.obj
         Debug\Enemy4.obj
         Debug\Boss.obj
         Debug\EnemyShoot1.obj
         Debug\Force.obj
         Debug\Explosion.obj
         Debug\TexturedQuad.obj
         Debug\Sprite.obj
         Debug\Texture.obj
         Debug\TileMap.obj
     1>SOIL.lib(image_DXT.obj) : warning LNK4099: PDB 'vc100.pdb' was not found with 'SOIL.lib(image_DXT.obj)' or at 'C:\Users\gserramia\Desktop\Uni\OpenGL_VS2015\2DGame\02-Bubble\Debug\vc100.pdb'; linking object as if no debug info
     1>SOIL.lib(image_helper.obj) : warning LNK4099: PDB 'vc100.pdb' was not found with 'SOIL.lib(image_helper.obj)' or at 'C:\Users\gserramia\Desktop\Uni\OpenGL_VS2015\2DGame\02-Bubble\Debug\vc100.pdb'; linking object as if no debug info
     1>SOIL.lib(SOIL.obj) : warning LNK4099: PDB 'vc100.pdb' was not found with 'SOIL.lib(SOIL.obj)' or at 'C:\Users\gserramia\Desktop\Uni\OpenGL_VS2015\2DGame\02-Bubble\Debug\vc100.pdb'; linking object as if no debug info
     1>SOIL.lib(stb_image_aug.obj) : warning LNK4099: PDB 'vc100.pdb' was not found with 'SOIL.lib(stb_image_aug.obj)' or at 'C:\Users\gserramia\Desktop\Uni\OpenGL_VS2015\2DGame\02-Bubble\Debug\vc100.pdb'; linking object as if no debug info
         02-Bubble.vcxproj -> C:\Users\gserramia\Desktop\Uni\OpenGL_VS2015\2DGame\02-Bubble\Debug\02-Bubble.exe
       FinalizeBuildStatus:
         Deleting file "Debug\02-Bubble.tlog\unsuccessfulbuild".
         Touching "Debug\02-Bubble.tlog\02-Bubble.lastbuildstate".
     1>Done Building Project "C:\Users\gserramia\Desktop\Uni\OpenGL_VS2015\2DGame\02-Bubble\02-Bubble\02-Bubble.vcxproj" (Build target(s)).

Build succeeded.

       "C:\Users\gserramia\Desktop\Uni\OpenGL_VS2015\2DGame\02-Bubble\02-Bubble\02-Bubble.vcxproj" (Build target) (1) ->
       (Link target) -> 
         SOIL.lib(image_DXT.obj) : warning LNK4099: PDB 'vc100.pdb' was not found with 'SOIL.lib(image_DXT.obj)' or at 'C:\Users\gserramia\Desktop\Uni\OpenGL_VS2015\2DGame\02-Bubble\Debug\vc100.pdb'; linking object as if no debug info
         SOIL.lib(image_helper.obj) : warning LNK4099: PDB 'vc100.pdb' was not found with 'SOIL.lib(image_helper.obj)' or at 'C:\Users\gserramia\Desktop\Uni\OpenGL_VS2015\2DGame\02-Bubble\Debug\vc100.pdb'; linking object as if no debug info
         SOIL.lib(SOIL.obj) : warning LNK4099: PDB 'vc100.pdb' was not found with 'SOIL.lib(SOIL.obj)' or at 'C:\Users\gserramia\Desktop\Uni\OpenGL_VS2015\2DGame\02-Bubble\Debug\vc100.pdb'; linking object as if no debug info
         SOIL.lib(stb_image_aug.obj) : warning LNK4099: PDB 'vc100.pdb' was not found with 'SOIL.lib(stb_image_aug.obj)' or at 'C:\Users\gserramia\Desktop\Uni\OpenGL_VS2015\2DGame\02-Bubble\Debug\vc100.pdb'; linking object as if no debug info

    4 Warning(s)
    0 Error(s)

Time Elapsed 00:00:01.55
